<?xml version="1.0" encoding="UTF-8"?>
<!-- Generated by org.testng.reporters.JUnitXMLReporter -->
<testsuite ignored="0" hostname="DESKTOP-GRUOEUJ" failures="0" tests="3" name="Default test" time="5.818" errors="0" timestamp="2022-09-20T12:01:38 IST">
  <testcase classname="Demo.DynamicJson2" name="addBook" time="3.808"/>
  <testcase classname="Demo.DynamicJson2" name="addBook" time="1.481"/>
  <testcase classname="Demo.DynamicJson2" name="addBook" time="0.422"/>
</testsuite> <!-- Default test -->
